C51 COMPILER V9.00   CONG_1                                                                11/03/2021 23:09:55 PAGE 1   


C51 COMPILER V9.00, COMPILATION OF MODULE CONG_1
OBJECT MODULE PLACED IN cong_1.OBJ
COMPILER INVOKED BY: C:\Keil\C51\BIN\C51.EXE cong_1.c BROWSE DEBUG OBJECTEXTEND

line level    source

   1            #include<reg52.h>
   2            #include<math.h>
   3           #define uchar unsigned char
   4           #define uint unsigned int
   5            uchar code d[]={0x3f,0x06,0x5b,0x4f,
   6                                                   0x66,0x6d,0x7d,0x07,
   7                                                   0x7f,0x6f/*,0x77,0x7c,
   8                                                   0x39,0x5e,0x79,0x71,*/
   9                                                  };
  10           uchar code w[]={0xfe,0xfd,0xfb,0xf7,
  11                                                   0xef,0xdf/*0xbf,0x7f,*/
  12                                                  };
  13          //变量声明
  14          uint ms=0,s=0,m=0,h=0,sflash=0,mflash=0,hflash=0,Turn=0;
  15          uchar s1=55,m1=0,h1=0,Ifdisplay=1,Distime;
  16          uchar j,k;
  17          
  18          
  19          sbit beep=P2^4;//蜂鸣器接口
  20          
  21          sbit keyset=P3^2;
  22          sbit keyadd=P2^0;
  23          sbit keylow=P2^1;
  24          //灯泡
  25          /*
  26          LED=0;//红灯亮
  27          LED1=1;//蓝灯灭
  28          LED2=1;//绿灯灭
  29          */
  30          sbit keyend=P3^3;//
  31          sbit LED1=P3^4;
  32          sbit LED2=P3^5;
  33          sbit LED3=P2^2;
  34          //声控接口
  35          sbit Sound=P2^5;
  36          
  37          
  38          //延时函数
  39          void delay(uchar i)
  40          {
  41   1        for(j=i;j>0;j--)
  42   1          for(k=125;k>0;k--);
  43   1      }
  44          
  45          //蜂鸣器发声
  46          void beepon(){
  47   1      beep=0;
  48   1      delay(500);
  49   1      beep=1;
  50   1      }
  51          //外部中断
  52          void EX0_init()
  53          {
  54   1              IT0=1;
  55   1              EX0=1;
C51 COMPILER V9.00   CONG_1                                                                11/03/2021 23:09:55 PAGE 2   

  56   1              EA=1;
  57   1      }
  58          //定时器中断
  59          void T0_init()
  60          {
  61   1      TMOD=0X01;//选择定时器0
  62   1      TH0=(65536-50000)/256;//装入50MS的初值
  63   1      TL0=(65536-50000)%256;
  64   1      EA=1;//打开总中断
  65   1      ET0=1;//打开定时器0中断
  66   1      TR0=1;//开启定时器0
  67   1      }
  68          
  69          //数码管显示函数
  70          void display()
  71          {
  72   1              //不管咋样秒钟都显示
  73   1              if(Turn==1)
  74   1              {
  75   2                      //十位
  76   2                      P1=d[s/10];
  77   2                      P0=w[1];
  78   2                      delay(10);
  79   2              //个位
  80   2                      P1=d[s%10];
  81   2                      P0=w[0];
  82   2                      delay(10);
  83   2              }
  84   1                      if(Turn==2)
  85   1              {
  86   2              //十位
  87   2                      P1=d[m/10];
  88   2                      P0=w[3];
  89   2                      delay(10);
  90   2              //个位
  91   2                      P1=d[m%10]+0x80;
  92   2                      P0=w[2];
  93   2                      delay(10);
  94   2              }
  95   1              if(Turn==3)
  96   1              {
  97   2              //十位
  98   2                      P1=d[h/10];
  99   2                      P0=w[5];
 100   2                      delay(10);
 101   2              //个位
 102   2                      P1=d[h%10]+0x80;
 103   2                      P0=w[4];
 104   2                      delay(10);
 105   2              }
 106   1              if(Turn>3||Turn==0)
 107   1              {
 108   2                      //十位
 109   2                      P1=d[s/10];
 110   2                      P0=w[1];
 111   2                      delay(10);
 112   2              //个位
 113   2                      P1=d[s%10];
 114   2                      P0=w[0];
 115   2                      delay(10);
 116   2                      //十位
 117   2                      P1=d[m/10];
C51 COMPILER V9.00   CONG_1                                                                11/03/2021 23:09:55 PAGE 3   

 118   2                      P0=w[3];
 119   2                      delay(10);
 120   2              //个位
 121   2                      P1=d[m%10]+0x80;
 122   2                      P0=w[2];
 123   2                      delay(10);
 124   2                              //十位
 125   2                      P1=d[h/10];
 126   2                      P0=w[5];
 127   2                      delay(10);
 128   2              //个位
 129   2                      P1=d[h%10]+0x80;
 130   2                      P0=w[4];
 131   2                      delay(10);
 132   2              }
 133   1      
 134   1      
 135   1               
 136   1      }
 137          //按键检测
 138          void keyscan()
 139          {
 140   1              //只有功能键按下才检测
 141   1              if(Turn!=0)
 142   1              {
 143   2              //按下去先让一秒亮一次的灯不亮
 144   2                      LED3=1;
 145   2              //先检测增大
 146   2                      if(keyadd == 0)//增加键被按下
 147   2                      {
 148   3                              delay(20);//消抖
 149   3                              if(keyadd == 0)//松手检测
 150   3                              {
 151   4                                      while(!keyadd);
 152   4                                      beepon();
 153   4                                      switch(Turn)//选择增加时分秒其中一个
 154   4                                      {
 155   5                                              case 1:
 156   5                                                      //      LED=!LED;
 157   5                                                              s++;
 158   5                                                              if(s>59)
 159   5                                                                      s=0;
 160   5                                                              break;
 161   5                                              case 2:
 162   5                                                      //      LED1=!LED1;
 163   5                                                              m++;
 164   5                                                              if(m>59)
 165   5                                                                      m=0;
 166   5                                                              break;
 167   5                                              case 3:
 168   5                                                              h++;
 169   5                                                              if(h>23)
 170   5                                                                      h=0;
 171   5                                                              break;
 172   5                                      }
 173   4                              }
 174   3                      }
 175   2      
 176   2              //再检测减小
 177   2                      if(keylow == 0)//减小键被按下
 178   2                      {
 179   3                              delay(20);//消抖
C51 COMPILER V9.00   CONG_1                                                                11/03/2021 23:09:55 PAGE 4   

 180   3                              if(keylow == 0)//松手检测
 181   3                              {
 182   4                                      while(!keylow);
 183   4                                      beepon();
 184   4                                      switch(Turn)//选择减少时分秒其中一个
 185   4                                      {
 186   5                                              case 1:
 187   5                                                      //      LED=!LED;
 188   5                                                              s--;
 189   5                                                              if(s == -1)     //这要用==-1 不能用<0;不然猛乱码 2021年10月3日16:45:59
 190   5                                                                      {
 191   6                                                              //      P1=d[5];
 192   6                                                              //      P0=w[1];
 193   6                                                              //      delay(10);
 194   6                                                                      P1=0Xff;
 195   6                                                                      delay(20);
 196   6                                                                      s=59;
 197   6                                                                      }
 198   5                                                              break;
 199   5                                              case 2:
 200   5                                                      //      LED1=!LED1;
 201   5                                                              m--;
 202   5                                                              if(m== -1)
 203   5                                                                      m=59;
 204   5                                                              break;
 205   5                                              case 3:
 206   5                                                              h--;
 207   5                                                              if(h== -1)
 208   5                                                                      h=23;
 209   5                                                              break;
 210   5                                      }
 211   4                              }
 212   3                      }
 213   2      
 214   2              }
 215   1      }
 216          
 217          void main()
 218          {
 219   1      //      P1=0xff;
 220   1              EX0_init();
 221   1              T0_init();
 222   1              Turn=0;
 223   1      
 224   1              while(1)
 225   1              {
 226   2              //      P0=0xff;
 227   2              //      display();      
 228   2                      keyscan();
 229   2                      delay(30);
 230   2                      display();      
 231   2                      if(s1==s)
 232   2                      {
 233   3                              //蜂鸣器响20s
 234   3                              beep=0;
 235   3                              delay(1000);
 236   3                              beep=1;
 237   3                              TR0=0;
 238   3                              LED3=0;
 239   3                      //      s1=61;
 240   3                              //按键测试
 241   3                      
C51 COMPILER V9.00   CONG_1                                                                11/03/2021 23:09:55 PAGE 5   

 242   3                      }
 243   2                      
 244   2                      
 245   2                      
 246   2                      
 247   2                      
 248   2              }
 249   1      }
 250          //定时器
 251          void T0_int() interrupt 1
 252          {
 253   1              TH0=(66635-50000)/256;
 254   1              TL0=(66635-50000)%256;
 255   1              ms++;//到了20次说明到了1s,ms加一次是50ms
 256   1              if(ms == 20)//一秒到了
 257   1              {
 258   2                      ms=0;//重新算一秒
 259   2                      s++;
 260   2                      LED3=!LED3;//灯闪一下
 261   2                      if(s>59)
 262   2                      {
 263   3                              s=0;
 264   3                              m++;
 265   3                              if(m>59)
 266   3                              {
 267   4                                      m=0;
 268   4                                      h++;
 269   4                                      if(h>23)
 270   4                                              h=0;
 271   4                              }
 272   3                      }
 273   2                      //这里是到了设定时间的函数(先不写)
 274   2              }
 275   1      }
 276          //外部中断
 277          void EX0_int() interrupt 0
 278          {
 279   1              if(keyset==0)//检测S1
 280   1              {
 281   2                      //
 282   2                      delay(5);
 283   2                      if(keyset==0)
 284   2                      {       
 285   3                      //      LED=!LED;
 286   3                              Turn++;
 287   3                              //特殊情况（仅用于验收）
 288   3                              s1=s+5;
 289   3                              beep=1;
 290   3                      
 291   3                              //
 292   3                              TR0=0;
 293   3                              if(Turn == 1)
 294   3                              {
 295   4                              //验收用
 296   4                              s=0;
 297   4              //              P0=0Xfc;
 298   4                                //    LED=0;//红灯亮
 299   4                                      LED1=1;//蓝灯灭
 300   4                                      LED2=1;//绿灯灭
 301   4                      
 302   4                              }
 303   3                              if(Turn == 2)
C51 COMPILER V9.00   CONG_1                                                                11/03/2021 23:09:55 PAGE 6   

 304   3                              {
 305   4                              //验收用
 306   4              //                      P0=0Xf3;        
 307   4      
 308   4      
 309   4                              //      LED=1;//红灯灭
 310   4                                      LED1=0;//蓝灯亮
 311   4                                      LED2=1;//绿灯灭
 312   4                              }
 313   3                              if(Turn == 3)
 314   3                              {
 315   4                                      //验收用
 316   4              //                      P0=0Xcf;
 317   4                      //              LED=1;//红灯灭
 318   4                                      LED1=1;//蓝灯灭
 319   4                                      LED2=0;//绿灯亮
 320   4                                      //LED=1;
 321   4                              }
 322   3                              if(Turn == 4)
 323   3                                      {
 324   4                                      //验收用
 325   4                              //      P0=0Xc0;
 326   4                                      //按一次蜂鸣器就不响
 327   4                                      beep=1;
 328   4                                      //指示灯操作(全灭)
 329   4                      //              LED=1;
 330   4                                      LED1=1;
 331   4                                      LED2=1;
 332   4                                      //打开定时器，让一秒闪一下的灯继续
 333   4                                      TR0=1;
 334   4                                      LED3=0;
 335   4                                      //定时
 336   4                                      s1=s;
 337   4                                      s=0;
 338   4                              //      Turn=0;
 339   4                                      //验收用
 340   4                              
 341   4                                      }
 342   3                      }
 343   2              }
 344   1      }
 345          
 346          
 347          
 348          
 349          


MODULE INFORMATION:   STATIC OVERLAYABLE
   CODE SIZE        =    920    ----
   CONSTANT SIZE    =     16    ----
   XDATA SIZE       =   ----    ----
   PDATA SIZE       =   ----    ----
   DATA SIZE        =     23    ----
   IDATA SIZE       =   ----    ----
   BIT SIZE         =   ----    ----
END OF MODULE INFORMATION.


C51 COMPILATION COMPLETE.  0 WARNING(S),  0 ERROR(S)
