C51 COMPILER V9.00   CSDN_COPY                                                             07/20/2021 20:06:56 PAGE 1   


C51 COMPILER V9.00, COMPILATION OF MODULE CSDN_COPY
OBJECT MODULE PLACED IN csdn-copy.OBJ
COMPILER INVOKED BY: C:\Keil\C51\BIN\C51.EXE csdn-copy.c BROWSE DEBUG OBJECTEXTEND

line level    source

   1          #include<reg52.h>
   2          unsigned int i = 0;                     //无符号整型 范围0-65535
   3          unsigned char cnt = 0;  //无符号字符型 范围0-255，省字节，所以用这个，无符号整型也可以的
   4          sbit beep = P2^3;                               //蜂鸣器
   5          void main()
   6          {
   7   1              while(1)                                //大循环
   8   1              {
   9   2                              for(cnt=0;cnt<8;cnt++) //最多移动7位，加上不移动，总共八次
  10   2                      {
  11   3                              P1 = ~(0x01<<cnt);                      //左移cnt位,然后取反，刚好达到效果
  12   3                              beep = ~beep;                                   //蜂鸣器发滴滴声
  13   3                              for(i=0;i<30000;i++);   //延时
  14   3                      
  15   3                      }
  16   2              }
  17   1      
  18   1      }


MODULE INFORMATION:   STATIC OVERLAYABLE
   CODE SIZE        =     51    ----
   CONSTANT SIZE    =   ----    ----
   XDATA SIZE       =   ----    ----
   PDATA SIZE       =   ----    ----
   DATA SIZE        =      3    ----
   IDATA SIZE       =   ----    ----
   BIT SIZE         =   ----    ----
END OF MODULE INFORMATION.


C51 COMPILATION COMPLETE.  0 WARNING(S),  0 ERROR(S)
