C51 COMPILER V9.00   WATERLAMP                                                             07/20/2021 20:07:57 PAGE 1   


C51 COMPILER V9.00, COMPILATION OF MODULE WATERLAMP
OBJECT MODULE PLACED IN WaterLamp.OBJ
COMPILER INVOKED BY: C:\Keil\C51\BIN\C51.EXE WaterLamp.c BROWSE DEBUG OBJECTEXTEND

line level    source

   1          /*
   2          #include <reg52.h>
   3          #include<intrins.h>
   4          #define unit unsigned int
   5          #define uchar unsigned char
   6          void delay1s(unit);
   7          uchar aa;
   8          //后面的P1一定需要大写 系统规定
   9          sbit beep=P2^3;//蜂鸣器控制端口
  10          void main()
  11          {
  12                  P1=0xfe;//赋值11111110 第一个灯亮
  13                  beep=1;//
  14          //      P1=aa;//点亮第一个发光灯
  15                  while(1)
  16                  { 
  17                          delay1s(1000);//延时一秒 
  18                  //      P1=aa;//点亮第一个发光灯
  19                          beep=~beep;
  20                          delay1s(1000);//延时一秒
  21                          P1=_crol_(P1,1);//调用函数向左移一位，例如从11111110到11111101就是第二个亮
  22          
  23                  }
  24                  
  25          }
  26          void delay1s(unit xms)
  27          {
  28                  unit i,j;
  29                  for(i=xms;i>0;i--)       //想延迟多少秒就赋值给xms
  30                          for(j=110;j>0;j--);
  31          }
  32          */


MODULE INFORMATION:   STATIC OVERLAYABLE
   CODE SIZE        =   ----    ----
   CONSTANT SIZE    =   ----    ----
   XDATA SIZE       =   ----    ----
   PDATA SIZE       =   ----    ----
   DATA SIZE        =   ----    ----
   IDATA SIZE       =   ----    ----
   BIT SIZE         =   ----    ----
END OF MODULE INFORMATION.


C51 COMPILATION COMPLETE.  0 WARNING(S),  0 ERROR(S)
