C51 COMPILER V9.00   MIMA_1                                                                12/26/2021 20:03:18 PAGE 1   


C51 COMPILER V9.00, COMPILATION OF MODULE MIMA_1
OBJECT MODULE PLACED IN mima_1.OBJ
COMPILER INVOKED BY: C:\Keil\C51\BIN\C51.EXE mima_1.c BROWSE DEBUG OBJECTEXTEND

line level    source

   1          
   2          u8 datavaue=0;
*** ERROR C129 IN LINE 2 OF MIMA_1.C: missing ';' before 'datavaue'
   3          u8 table0[]="51单片机蓝牙系统";
   4          u8 table1[]="开发者：罗发新  ";
   5          u8 table2[]="单片机系统与应用";
   6          u8 table3[]="LED 绿灯被点亮  ";
   7          u8 table4[]="LED 蓝灯被点亮  ";
   8          u8 table5[]="LED 红灯被点亮  ";
   9          
  10          void BeepOn()
  11          {
  12                  beep=0;
  13                  delay(500);
  14                  beep=1;
  15          }
  16          void Usart_Init()
  17          {
  18                  TMOD=0x20;//让T1工作在定时器模式2
  19                  TH1=0xFD;
  20                  TL1=0xFD;
  21                  TR1=1;    //启动定时器1，开始定时
  22                  SM0=0;
  23                  SM=1;
  24                  REN=1;    //允许接收
  25                  ES=1;     //接通串口中断开关
  26                  EA=1;     //接通单片机中断开关
  27          }
  28          void send(u8 a)
  29          {
  30                  SBUF=a;
  31                  while(!TI);
  32                  ES=1;
  33                  TI=0;
  34          }
  35          void main()
  36          {
  37                  Usart_Init();
  38                  LCD_init();
  39                  display(0x80,table0);
  40                  display
  41          }

C51 COMPILATION COMPLETE.  0 WARNING(S),  1 ERROR(S)
