C51 COMPILER V9.00   LESSON4_1                                                             07/25/2021 15:27:16 PAGE 1   


C51 COMPILER V9.00, COMPILATION OF MODULE LESSON4_1
OBJECT MODULE PLACED IN lesson4_1.OBJ
COMPILER INVOKED BY: C:\Keil\C51\BIN\C51.EXE lesson4_1.c BROWSE DEBUG OBJECTEXTEND

line level    source

   1           /*
   2           #include<reg52.h>
   3           #include<intrins.h>
   4           #define uchar unsigned char
   5           #define uint unsigned int
   6           sbit dula=P2^6;//      声明控制段选的锁存端
   7           sbit wela=P2^7;//      声明控制位选的锁存端
   8           void delayms(uint xms);
   9           uchar aa;//全局变量给流水灯
  10           uchar bb,num,numdu,numwe;//变量给数码管
  11           uchar code table[]={0x3f,0x06,0x5b,0x4f,
  12                                                   0x66,0x6d,0x7d,0x07,
  13                                                   0x7f,0x6f,0x77,0x7c,
  14                                                   0x39,0x5e,0x79,0x71,
  15                                                  };
  16          
  17          uchar code tablewe[]={0xfe,0xfd,0xfb,0xf7,
  18                                                    0xef,0xdf
  19                                                          
  20                                                          };
  21          
  22          
  23           void main()
  24           {
  25           //变量初始化
  26                  num=0;
  27                  aa=0;
  28                  numdu=0;
  29                  numwe=0;
  30          
  31                  //aa=0xfe;//11111110 让等一个亮
  32                  
  33          //定时器设置初始化
  34                                  TMOD=0x01;
  35                          //      TH0=(66635-45872)/256;
  36                          //      TL0=(66635-45872)%256;
  37                          TH0=(66635-5872)/256;
  38                          TL0=(66635-5872)%256;
  39          
  40          //定时器设置初始化
  41          
  42          
  43                                  EA=1;  //开总中断
  44                                  ET0=1; //开定时器0中断
  45                                  TR0=1; //启动定时器0
  46          
  47          //数码管初始化
  48                                                  //给段选先送数
  49                                  dula=1;
  50                                  P0=table[0];//内容初始化为0
  51                                  dula=0;
  52                                                  //再给位选先送数（控制那几个亮）
  53                                  wela=1;
  54                                  P0=0xc0;//六个全亮
  55                                  P0=tablewe[2];
C51 COMPILER V9.00   LESSON4_1                                                             07/25/2021 15:27:16 PAGE 2   

  56                                  wela=0;
  57          
  58                  
  59                  while(1)
  60                          {
  61          
  62                                  if(bb==20) //bb*50ms=中断一次的次数
  63                                  {
  64                                   bb=0;
  65                                   numdu++;
  66                                   if(numdu==7)
  67                                           {
  68                                                  numdu=1;
  69                                           }
  70                                   //段选
  71                                   dula=1;
  72                                   P0=table[numdu];
  73                                   dula=0;
  74                                   //位选
  75                                   wela=1;
  76                                   P0=tablewe[numwe];
  77                                   wela=0;
  78                                   numwe++;
  79                                    if(numwe==6)
  80                                           {
  81                                                  numwe=0;
  82                                           }
  83                                  }
  84          
  85          
  86          
  87          
  88          
  89          
  90          
  91          
  92                    
  93                          // 流水灯控制
  94                                  
  95                                  delayms(1000);
  96                                  aa=_crol_(aa,1);//封装好的左移函数
  97                                  P1=aa;
  98                          //
  99                  
 100          
 101          
 102          2021年7月24日14:24:37
 103          问题:前面的     delayms(1000)函数时间上会有误差，可能导致
 104          在bb==40那一瞬间不能进入判断，只能一直循环，到刚好碰巧
 105          bb==40才能进入判断导致数码管一直是0，所以要把判断放到中断里面
 106          
 107          
 108                          if(bb==40)      
 109                                  {
 110                                     bb=0;
 111                                     num++;//不初始化默认为0
 112                                     if(num==16)  //判断有没有到16 多了显示不了
 113                                     {
 114                                                  num==0;
 115                                     }
 116                                     //重新打开段选
 117                                     dula=1;
C51 COMPILER V9.00   LESSON4_1                                                             07/25/2021 15:27:16 PAGE 3   

 118                                     P0=table[num];
 119                                     dula=0;
 120          
 121                                  }       
 122                                  
 123                          }
 124           }
 125           void delayms(uint xms)
 126           {
 127                  uint i,j;
 128                  for(i=xms;i>0;i--)
 129                          for(j=110;j>0;j--);
 130                          
 131           }
 132          
 133          void time_0() interrupt 1
 134          {
 135                          // TH0=(66635-45872)/256;
 136                  //       TL0=(66635-45872)%256;
 137                           TH0=(66635-5872)/256;
 138                           TL0=(66635-5872)%256;
 139                           bb++;
 140                           
 141                                  if(bb==40)      
 142                                  {
 143                                     bb=0;
 144                                     num++;//不初始化默认为0
 145                                     if(num==16)  //判断有没有到16 多了显示不了
 146                                     {
 147                                                  num=0;
 148                                     }
 149                                     //重新打开段选
 150                                     dula=1;
 151                                     P0=table[num];
 152                                     dula=0;
 153                                             
 154                                  }
 155                                  
 156          }       
 157                   */
 158                          
 159          


MODULE INFORMATION:   STATIC OVERLAYABLE
   CODE SIZE        =   ----    ----
   CONSTANT SIZE    =   ----    ----
   XDATA SIZE       =   ----    ----
   PDATA SIZE       =   ----    ----
   DATA SIZE        =   ----    ----
   IDATA SIZE       =   ----    ----
   BIT SIZE         =   ----    ----
END OF MODULE INFORMATION.


C51 COMPILATION COMPLETE.  0 WARNING(S),  0 ERROR(S)
