C51 COMPILER V9.00   1602                                                                  12/23/2021 00:03:51 PAGE 1   


C51 COMPILER V9.00, COMPILATION OF MODULE 1602
OBJECT MODULE PLACED IN 1602.OBJ
COMPILER INVOKED BY: C:\Keil\C51\BIN\C51.EXE 1602.c BROWSE DEBUG OBJECTEXTEND

line level    source

   1          #include  "lcd.h"
   2          //#include<reg52.h>
   3          //#define uchar unsigned char
   4          //#define uint unsigned int
   5          
   6          sbit rs=P2^5;
   7          sbit rd=P2^6;
   8          sbit lcden=P2^4;
   9          //sbit dula=P2^6;
  10          //sbit wela=P2^7;
  11          //uchar table1[]="TX-1C MCU";
  12          //uchar table2[]="WWW.TXMCU.COM";
  13          void delay(uint x)
  14          {
  15   1              uint a,b;
  16   1              for(a=x;a>0;a--)
  17   1                      for(b=10;b>0;b--); 
  18   1      }
  19          
  20          void delay1(uint x)
  21          {
  22   1              uint a,b;
  23   1              for(a=x;a>0;a--)
  24   1                      for(b=100;b>0;b--); 
  25   1      }
  26          
  27          void write_com(uchar com)
  28          {
  29   1              rs=0;
  30   1              lcden=0;
  31   1              rd=0;
  32   1              P0=com;
  33   1              delay(10);
  34   1              lcden=1;
  35   1              delay(20);
  36   1              lcden=0;        
  37   1      }
  38          
  39          void write_date(uchar date)
  40          {
  41   1              rs=1;
  42   1              lcden=0;
  43   1              rd=0;
  44   1              P0=date;
  45   1              delay(10);
  46   1              lcden=1;
  47   1              delay(20);
  48   1              lcden=0;        
  49   1      }
  50          
  51          void init()
  52          {
  53   1      //      dula=0;
  54   1      //      wela=0;
  55   1              lcden=0;
C51 COMPILER V9.00   1602                                                                  12/23/2021 00:03:51 PAGE 2   

  56   1              write_com(0x38);
  57   1              delay(10);
  58   1              write_com(0x0c);
  59   1              write_com(0x06);
  60   1              write_com(0x01);
  61   1              write_com(0x80);
  62   1      
  63   1      }
  64          


MODULE INFORMATION:   STATIC OVERLAYABLE
   CODE SIZE        =    129    ----
   CONSTANT SIZE    =   ----    ----
   XDATA SIZE       =   ----    ----
   PDATA SIZE       =   ----    ----
   DATA SIZE        =   ----    ----
   IDATA SIZE       =   ----    ----
   BIT SIZE         =   ----    ----
END OF MODULE INFORMATION.


C51 COMPILATION COMPLETE.  0 WARNING(S),  0 ERROR(S)
