C51 COMPILER V9.00   I2C                                                                   12/22/2021 15:59:20 PAGE 1   


C51 COMPILER V9.00, COMPILATION OF MODULE I2C
OBJECT MODULE PLACED IN i2c.OBJ
COMPILER INVOKED BY: C:\Keil\C51\BIN\C51.EXE i2c.c BROWSE DEBUG OBJECTEXTEND

line level    source

   1          #include "i2c.h"
   2          #include <intrins.h>
   3          
   4          #define uchar unsigned char
   5          #define uint unsigned int
   6          #define somenop() _nop_(),_nop_(),_nop_(),_nop_(),_nop_(),_nop_()
   7          
   8          void I2C_Start()     //起始
   9          {
  10   1         SCL=1;
  11   1         _nop_();     _nop_();_nop_();_nop_();_nop_();
  12   1         SDA=1;
  13   1         _nop_();     _nop_();_nop_();_nop_();_nop_();
  14   1         SDA=0;
  15   1         _nop_();     _nop_();_nop_();_nop_();_nop_();
  16   1         SCL=0;
  17   1         _nop_();     _nop_();_nop_();_nop_();_nop_();
  18   1      }
  19          
  20          void I2C_Stop()      //终止
  21          {  
  22   1         SDA=0;
  23   1         _nop_();     _nop_();_nop_();_nop_();_nop_();
  24   1         SCL=1;
  25   1         _nop_();     _nop_();_nop_();_nop_();_nop_();
  26   1         SDA=1;
  27   1         _nop_();     _nop_();_nop_();_nop_();_nop_();
  28   1      }
  29          
  30          void I2C_SendByte(unsigned char dat)   //发送一个字节
  31          {
  32   1         uchar i,j,b=0;
  33   1         for(i=0;i<8;i++)
  34   1         {    
  35   2             SCL=0;  
  36   2         _nop_();     _nop_();_nop_();_nop_();_nop_();
  37   2             SDA=(bit)(dat&0x80);     //每次取最高位进行发送
  38   2             dat<<=1;        //从最高位开始发送，左移使每一位逐渐成为最高位
  39   2             SCL=1;          //上升沿时发送数据
  40   2         _nop_();     _nop_();_nop_();_nop_();_nop_();
  41   2         }
  42   1         SCL=0;
  43   1         _nop_();     _nop_();_nop_();_nop_();_nop_();
  44   1         SDA=1;     
  45   1         _nop_();     _nop_();_nop_();_nop_();_nop_();
  46   1         SCL=1;
  47   1         _nop_();
  48   1         while((SDA==1)&&(j<250))  j++;  //等待应答，也就是等待从设备把SDA拉低
  49   1         SCL=0;
  50   1         _nop_();   
  51   1      }
  52          
  53           unsigned char I2C_ReadByte()     //读一个字节
  54          {
  55   1         uchar i,dat=0;
C51 COMPILER V9.00   I2C                                                                   12/22/2021 15:59:20 PAGE 2   

  56   1         SCL=0;         //此处也可以不置低，因为起始和发送一个字节之后SCL都是0
  57   1         _nop_();     _nop_();_nop_();_nop_();_nop_();
  58   1         SDA=1;      //拉高准备数据读取
  59   1         _nop_();
  60   1         for(i=0;i<8;i++)   //读取8位数据
  61   1         {
  62   2            SCL=1;
  63   2         _nop_();     _nop_();_nop_();_nop_();_nop_();
  64   2            dat<<=1;
  65   2            if(SDA==1)
  66   2               dat=dat|0x01;
  67   2         _nop_();     _nop_();_nop_();_nop_();_nop_();
  68   2            SCL=0;     //下降沿时读取数据
  69   2         _nop_();     _nop_();_nop_();_nop_();_nop_();
  70   2          }
  71   1          return dat;
  72   1      }


MODULE INFORMATION:   STATIC OVERLAYABLE
   CODE SIZE        =    163    ----
   CONSTANT SIZE    =   ----    ----
   XDATA SIZE       =   ----    ----
   PDATA SIZE       =   ----    ----
   DATA SIZE        =   ----       2
   IDATA SIZE       =   ----    ----
   BIT SIZE         =   ----    ----
END OF MODULE INFORMATION.


C51 COMPILATION COMPLETE.  0 WARNING(S),  0 ERROR(S)
