C51 COMPILER V9.00   LCD12864                                                              12/30/2021 01:23:06 PAGE 1   


C51 COMPILER V9.00, COMPILATION OF MODULE LCD12864
OBJECT MODULE PLACED IN lcd12864.OBJ
COMPILER INVOKED BY: C:\Keil\C51\BIN\C51.EXE lcd12864.c BROWSE DEBUG OBJECTEXTEND

line level    source

   1          /*******************************************************************/
   2          /*                                                                 */
   3          /*                                                                 */
   4          //;*  LCD型号：TS12864A-3（带汉字库）或兼容型号    控制器ST7920      */
   5          //;*  MCU:STC89S52 ,晶体频率：11.0592MHz                              */
   6          /*                                                                 */
   7          /*                                                                 */                             
   8          /*【声明】此程序仅用于学习与参考，引用请注明版权和作者信息！       */
   9          /*                                                                 */
  10          /*******************************************************************/
  11          
  12          //#include <reg51.h>
  13          
  14          #include  "lcd.h"                                        
  15          //#define uchar unsigned char
  16          //#define uint  unsigned int
  17          /*12864端口定义*/
  18          #define LCD_data  P0             //数据口
  19          sbit LCD_RS  =  P2^0;            //寄存器选择输入 
  20          sbit LCD_RW  =  P2^1;            //液晶读/写控制
  21          sbit LCD_EN  =  P2^2;            //液晶使能控制
  22          sbit LCD_PSB =  P2^3;            //串/并方式控制
  23          //sbit wela    =  P2^6;
  24          //sbit dula    =  P2^7;
  25          
  26          uchar code dis1[] = {"WIFI控制系统"};
  27          uchar code dis2[] = {"微信:Ramsey1108"};
  28          uchar code dis3[] = {"系统初始化完成  "};
  29          uchar code dis4[] = {"开发设计: 蔡嘉权"};
  30          //led显示的定义
  31          uchar code table3[]="The 蓝灯 is: ON ";
  32          uchar code table4[]="The 白灯 is: ON ";
  33          uchar code table5[]="The 红灯 is: ON ";
  34          uchar code table6[]="The 蓝灯 is: Off";
  35          uchar code table7[]="The 白灯 is: Off";
  36          uchar code table8[]="The 红灯 is: Off";
  37          uchar code table9[]="Lihhts ShowTime!";
  38          uchar code table2[]="ALL  Lihhts  off";
  39          
  40          //#define delayNOP(); {_nop_();_nop_();_nop_();_nop_();};
  41          //uchar IRDIS[2];
  42          //uchar IRCOM[4];
  43          /*******************************************************************/
  44          /*                                                                 */
  45          /*  LED第三行固定显示函数                                          */
  46          /*                                                                 */
  47          /*******************************************************************/
  48          void Ledflash(int n)
  49          {
  50   1              uchar i;
  51   1              switch(n)
  52   1         {
  53   2            case 1:  
  54   2                               lcd_pos(2,0);             //设置显示位置为第3行的第1个字符
  55   2                           i = 0;
C51 COMPILER V9.00   LCD12864                                                              12/30/2021 01:23:06 PAGE 2   

  56   2                                  while(table3[i] != '\0')
  57   2                                   {                         //显示字符
  58   3                                     lcd_wdat(table3[i]);
  59   3                                     i++;
  60   3                                   }
  61   2                      break;       
  62   2            case 2:  
  63   2                               lcd_pos(2,0);             //设置显示位置为第3行的第1个字符
  64   2                           i = 0;
  65   2                                  while(table4[i] != '\0')
  66   2                                   {                         //显示字符
  67   3                                     lcd_wdat(table4[i]);
  68   3                                     i++;
  69   3                                   }
  70   2                      break; 
  71   2            case 3:  
  72   2                               lcd_pos(2,0);             //设置显示位置为第3行的第1个字符
  73   2                           i = 0;
  74   2                                  while(table5[i] != '\0')
  75   2                                   {                         //显示字符
  76   3                                     lcd_wdat(table5[i]);
  77   3                                     i++;
  78   3                                   }
  79   2                      break;      
  80   2            case 4:  
  81   2                               lcd_pos(2,0);             //设置显示位置为第3行的第1个字符
  82   2                           i = 0;
  83   2                                  while(table6[i] != '\0')
  84   2                                   {                         //显示字符
  85   3                                     lcd_wdat(table6[i]);
  86   3                                     i++;
  87   3                                   }
  88   2                      break;      
  89   2            case 5:  
  90   2                               lcd_pos(2,0);             //设置显示位置为第3行的第1个字符
  91   2                           i = 0;
  92   2                                  while(table7[i] != '\0')
  93   2                                   {                         //显示字符
  94   3                                     lcd_wdat(table7[i]);
  95   3                                     i++;
  96   3                                   }
  97   2                      break;          
  98   2            case 6:  
  99   2                               lcd_pos(2,0);             //设置显示位置为第3行的第1个字符
 100   2                           i = 0;
 101   2                                  while(table8[i] != '\0')
 102   2                                   {                         //显示字符
 103   3                                     lcd_wdat(table8[i]);
 104   3                                     i++;
 105   3                                   }
 106   2                      break; 
 107   2                  case 7:  
 108   2                               lcd_pos(2,0);             //设置显示位置为第3行的第1个字符
 109   2                           i = 0;
 110   2                                  while(table9[i] != '\0')
 111   2                                   {                         //显示字符
 112   3                                     lcd_wdat(table9[i]);
 113   3                                     i++;
 114   3                                   }
 115   2                      break;
 116   2                      case 8:  
 117   2                               lcd_pos(2,0);             //设置显示位置为第3行的第1个字符
C51 COMPILER V9.00   LCD12864                                                              12/30/2021 01:23:06 PAGE 3   

 118   2                           i = 0;
 119   2                                  while(table2[i] != '\0')
 120   2                                   {                         //显示字符
 121   3                                     lcd_wdat(table2[i]);
 122   3                                     i++;
 123   3                                   }
 124   2                      break;            
 125   2            default:   
 126   2                break;  //接受到其它数据，将其发送给计算机         
 127   2         }    
 128   1      }
 129          
 130          /*******************************************************************/
 131          /*                                                                 */
 132          /*  延时函数                                                       */
 133          /*                                                                 */
 134          /*******************************************************************/
 135          void delay(int ms)
 136          {
 137   1          while(ms--)
 138   1              {
 139   2            uchar i;
 140   2                for(i=0;i<250;i++)  
 141   2                 {
 142   3                  _nop_();                       
 143   3                      _nop_();
 144   3                      _nop_();
 145   3                      _nop_();
 146   3                 }
 147   2              }
 148   1      }               
 149          /*******************************************************************/
 150          /*                                                                 */
 151          /*检查LCD忙状态                                                    */
 152          /*lcd_busy为1时，忙，等待。lcd-busy为0时,闲，可写指令与数据。      */
 153          /*                                                                 */
 154          /*******************************************************************/
 155          bit lcd_busy()
 156           {                          
 157   1          bit result;
 158   1          LCD_RS = 0;
 159   1          LCD_RW = 1;
 160   1          LCD_EN = 1;
 161   1          delayNOP();
 162   1          result = (bit)(P0&0x80);
 163   1          LCD_EN = 0;
 164   1          return(result); 
 165   1       }
 166          /*******************************************************************/
 167          /*                                                                 */
 168          /*写指令数据到LCD                                                  */
 169          /*RS=L，RW=L，E=高脉冲，D0-D7=指令码。                             */
 170          /*                                                                 */
 171          /*******************************************************************/
 172          void lcd_wcmd(uchar cmd)
 173          {                          
 174   1         while(lcd_busy());
 175   1          LCD_RS = 0;
 176   1          LCD_RW = 0;
 177   1          LCD_EN = 0;
 178   1          _nop_();
 179   1          _nop_(); 
C51 COMPILER V9.00   LCD12864                                                              12/30/2021 01:23:06 PAGE 4   

 180   1          P0 = cmd;
 181   1          delayNOP();
 182   1          LCD_EN = 1;
 183   1          delayNOP();
 184   1          LCD_EN = 0;  
 185   1      }
 186          /*******************************************************************/
 187          /*                                                                 */
 188          /*写显示数据到LCD                                                  */
 189          /*RS=H，RW=L，E=高脉冲，D0-D7=数据。                               */
 190          /*                                                                 */
 191          /*******************************************************************/
 192          void lcd_wdat(uchar dat)
 193          {                          
 194   1         while(lcd_busy());
 195   1          LCD_RS = 1;
 196   1          LCD_RW = 0;
 197   1          LCD_EN = 0;
 198   1          P0 = dat;
 199   1          delayNOP();
 200   1          LCD_EN = 1;
 201   1          delayNOP();
 202   1          LCD_EN = 0; 
 203   1      }
 204          /*******************************************************************/
 205          /*                                                                 */
 206          /*  LCD初始化设定                                                  */
 207          /*                                                                 */
 208          /*******************************************************************/
 209          void lcd_init()
 210          { 
 211   1      
 212   1          LCD_PSB = 1;         //并口方式
 213   1          
 214   1          lcd_wcmd(0x34);      //扩充指令操作
 215   1          delay(5);
 216   1          lcd_wcmd(0x30);      //基本指令操作
 217   1          delay(5);
 218   1          lcd_wcmd(0x0C);      //显示开，关光标
 219   1          delay(5);
 220   1          lcd_wcmd(0x01);      //清除LCD的显示内容
 221   1          delay(5);
 222   1      }
 223          /*********************************************************/
 224          /*                                                                                                               */
 225          /* 主程序                                                                                */
 226          /*                                                       */
 227          /*********************************************************/
 228          
 229          
 230          void initdisplay()
 231           {
 232   1          uchar i;
 233   1          delay(10);                 //延时
 234   1      //    wela=0;
 235   1      //      dula=0; 
 236   1          lcd_init();                //初始化LCD             
 237   1        
 238   1          lcd_pos(0,0);             //设置显示位置为第一行的第1个字符
 239   1           i = 0;
 240   1          while(dis1[i] != '\0')
 241   1           {                         //显示字符
C51 COMPILER V9.00   LCD12864                                                              12/30/2021 01:23:06 PAGE 5   

 242   2             lcd_wdat(dis1[i]);
 243   2             i++;
 244   2           }
 245   1          lcd_pos(1,0);             //设置显示位置为第二行的第1个字符
 246   1           i = 0;
 247   1          while(dis2[i] != '\0')
 248   1           {
 249   2             lcd_wdat(dis2[i]);      //显示字符
 250   2             i++;
 251   2           }
 252   1               lcd_pos(2,0);             //设置显示位置为第三行的第1个字符
 253   1           i = 0;
 254   1          while(dis3[i] != '\0')
 255   1           {
 256   2             lcd_wdat(dis3[i]);      //显示字符
 257   2             i++;
 258   2           }
 259   1               lcd_pos(3,0);             //设置显示位置为第四行的第1个字符
 260   1           i = 0;
 261   1          while(dis4[i] != '\0')
 262   1           {
 263   2             lcd_wdat(dis4[i]);      //显示字符
 264   2             i++;
 265   2           }
 266   1           //while(1);
 267   1      }
 268          
 269          
 270          
 271          /*********************************************************/
 272          /*                                                                                                               */
 273          /* 延时x*0.14ms子程序                                                                    */
 274          /*                                                       */
 275          /*********************************************************/
 276          
 277          void delay0(uchar x)    //x*0.14MS
 278          {
 279   1        uchar i;
 280   1        while(x--)
 281   1       {
 282   2        for (i = 0; i<13; i++) {}
 283   2       }
 284   1      }
 285          /*********************************************************/
 286          /*                                                       */
 287          /* 设定显示位置                                          */
 288          /*                                                       */
 289          /*********************************************************/
 290          void lcd_pos(uchar X,uchar Y)
 291          {                          
 292   1         uchar  pos;
 293   1         if (X==0)
 294   1           {X=0x80;}
 295   1         else if (X==1)
 296   1           {X=0x90;}
 297   1         else if (X==2)
 298   1           {X=0x88;}
 299   1         else if (X==3)
 300   1           {X=0x98;}
 301   1         pos = X+Y ;  
 302   1         lcd_wcmd(pos);     //显示地址
 303   1      }
C51 COMPILER V9.00   LCD12864                                                              12/30/2021 01:23:06 PAGE 6   



MODULE INFORMATION:   STATIC OVERLAYABLE
   CODE SIZE        =    534    ----
   CONSTANT SIZE    =    199    ----
   XDATA SIZE       =   ----    ----
   PDATA SIZE       =   ----    ----
   DATA SIZE        =   ----       2
   IDATA SIZE       =   ----    ----
   BIT SIZE         =   ----       1
END OF MODULE INFORMATION.


C51 COMPILATION COMPLETE.  0 WARNING(S),  0 ERROR(S)
