C51 COMPILER V9.00   DIGITALTUBE                                                           07/24/2021 01:33:06 PAGE 1   


C51 COMPILER V9.00, COMPILATION OF MODULE DIGITALTUBE
OBJECT MODULE PLACED IN DigitalTube.OBJ
COMPILER INVOKED BY: C:\Keil\C51\BIN\C51.EXE DigitalTube.c BROWSE DEBUG OBJECTEXTEND

line level    source

   1          /*
   2          #include<reg52.h>
   3          sbit dula=P2^6;//声明锁存端，用来控制段选信号
   4          sbit wela=P2^7; //声明锁存端，用来控制位选信号
   5          void main()
   6          {
   7                  wela=1;
   8                  P0=0xc0; //送入段选信号，控制6个数码管哪个灯亮
   9                  wela=0;
  10                  //
  11                  dula=1;
  12                  P0=0x66;  //送入段选信号，控制亮的内容
  13                  dula=0;
  14                  while(1);
  15          }
  16          */


MODULE INFORMATION:   STATIC OVERLAYABLE
   CODE SIZE        =   ----    ----
   CONSTANT SIZE    =   ----    ----
   XDATA SIZE       =   ----    ----
   PDATA SIZE       =   ----    ----
   DATA SIZE        =   ----    ----
   IDATA SIZE       =   ----    ----
   BIT SIZE         =   ----    ----
END OF MODULE INFORMATION.


C51 COMPILATION COMPLETE.  0 WARNING(S),  0 ERROR(S)
