C51 COMPILER V9.00   INTERRUPT                                                             07/24/2021 01:33:07 PAGE 1   


C51 COMPILER V9.00, COMPILATION OF MODULE INTERRUPT
OBJECT MODULE PLACED IN interrupt.OBJ
COMPILER INVOKED BY: C:\Keil\C51\BIN\C51.EXE interrupt.c BROWSE DEBUG OBJECTEXTEND

line level    source

   1           #include<reg52.h>
   2           #define uchar unsigned char
   3           #define uint unsigned int
   4           sbit dula=P2^6;//      声明控制段选的锁存端
   5           sbit wela=P2^7;//      声明控制位选的锁存端
   6           uchar num,tt;
   7           uchar code table[]={0x3f,0x06,0x5b,0x4f,
   8                                                   0x66,0x6d,0x7d,0x07,
   9                                                   0x7f,0x6f,0x77,0x7c,
  10                                                   0x39,0x5e,0x79,0x71,
  11                                                  };
  12          void delayms(unit);
  13          void main()
  14          {
  15   1                      num=0;
  16   1                      tt=0;
  17   1                      //中断开关
  18   1                      TMOD=0x01;
  19   1                      TH0=(66635-45872)/256;
  20   1                      TL0=(66635-45872)%256;
  21   1      
  22   1                      //
  23   1                      EA=1;
  24   1                      ET0=1;
  25   1                      TR0=1;
  26   1                      //中断 
  27   1                       
  28   1                      wela=1;
  29   1              //      P0=0xc0;//六个全亮
  30   1                      P0=0xea;//1 3 5亮 从左是第一位11101010
  31   1                      wela=0;
  32   1                      //给段选先送数
  33   1                      dula=1;
  34   1                      P0=0x3f;
  35   1                      dula=0;
  36   1                      while(1)
  37   1              {
  38   2                      
  39   2                      if(tt==4)
  40   2                         {
  41   3                                      tt=0;
  42   3                                      num++;
  43   3                                      if(num==10)
  44   3                                      num=0;
  45   3                                      dula=1;
  46   3                                      P0=table[num];
  47   3                                      dula=0; 
  48   3                              }
  49   2              }
  50   1      }
  51          /*
  52          void delayms(uint xms)
  53          {
  54                  uint i,j;
  55                  for(i=xms;i>0;i--)
C51 COMPILER V9.00   INTERRUPT                                                             07/24/2021 01:33:07 PAGE 2   

  56                          for(j=110;j>0;j--);
  57          }
  58          */
  59          void exter0() interrupt 1
  60          {
  61   1              TH0=(66635-45872)/256;
  62   1              TL0=(66635-45872)%256;
  63   1              tt++;
  64   1      }
  65          
  66          
  67          
  68          
  69          
  70          
  71          
  72          
  73          


MODULE INFORMATION:   STATIC OVERLAYABLE
   CODE SIZE        =     75    ----
   CONSTANT SIZE    =     16    ----
   XDATA SIZE       =   ----    ----
   PDATA SIZE       =   ----    ----
   DATA SIZE        =      2    ----
   IDATA SIZE       =   ----    ----
   BIT SIZE         =   ----    ----
END OF MODULE INFORMATION.


C51 COMPILATION COMPLETE.  0 WARNING(S),  0 ERROR(S)
