C51 COMPILER V9.00   TUBE2                                                                 07/24/2021 01:33:06 PAGE 1   


C51 COMPILER V9.00, COMPILATION OF MODULE TUBE2
OBJECT MODULE PLACED IN tube2.OBJ
COMPILER INVOKED BY: C:\Keil\C51\BIN\C51.EXE tube2.c BROWSE DEBUG OBJECTEXTEND

line level    source

   1           /*
   2           #include<reg52.h>
   3           #define uchar unsigned char
   4           #define uint unsigned int
   5           sbit dula=P2^6;//      声明控制段选的锁存端
   6           sbit wela=P2^7;//      声明控制位选的锁存端
   7           uchar num;
   8           uchar code table[]={0x3f,0x06,0x5b,0x4f,
   9                                                   0x66,0x6d,0x7d,0x07,
  10                                                   0x7f,0x6f,0x77,0x7c,
  11                                                   0x39,0x5e,0x79,0x71,
  12                                                  };
  13          void delayms(unit);
  14          void main()
  15          {
  16                                     
  17                          wela=1;
  18                  //      P0=0xc0;//六个全亮
  19                          P0=0xea;//1 3 5亮 从左是第一位11101010
  20                          wela=0;
  21                          while(1)
  22                          {
  23                                  for(num=0;num<10;num++)
  24                                  {
  25                                          dula=1;
  26                                          P0=table[num];
  27                                          dula=0;
  28                                          delayms(500);
  29                                  }
  30                          }
  31          }
  32          void delayms(uint xms)
  33          {
  34                  uint i,j;
  35                  for(i=xms;i>0;i--)
  36                          for(j=110;j>0;j--);
  37          }                       
  38          */
  39          
  40          
  41          
  42          
  43          
  44          
  45          
  46          
  47          


MODULE INFORMATION:   STATIC OVERLAYABLE
   CODE SIZE        =   ----    ----
   CONSTANT SIZE    =   ----    ----
   XDATA SIZE       =   ----    ----
   PDATA SIZE       =   ----    ----
   DATA SIZE        =   ----    ----
C51 COMPILER V9.00   TUBE2                                                                 07/24/2021 01:33:06 PAGE 2   

   IDATA SIZE       =   ----    ----
   BIT SIZE         =   ----    ----
END OF MODULE INFORMATION.


C51 COMPILATION COMPLETE.  0 WARNING(S),  0 ERROR(S)
