C51 COMPILER V9.00   1602                                                                  12/21/2021 00:50:59 PAGE 1   


C51 COMPILER V9.00, COMPILATION OF MODULE 1602
OBJECT MODULE PLACED IN 1602.OBJ
COMPILER INVOKED BY: C:\Keil\C51\BIN\C51.EXE 1602.c BROWSE DEBUG OBJECTEXTEND

line level    source

   1          #include  "lcd.h"
   2          #include  "wendu.h"
   3          //#include<reg52.h>
   4          //#define uchar unsigned char
   5          //#define uint unsigned int
   6          
   7          sbit rs=P2^5;
   8          sbit rd=P2^6;
   9          sbit lcden=P2^4;
  10          //sbit dula=P2^6;
  11          //sbit wela=P2^7;
  12          uchar table1[]="TX-1C MCU";
  13          uchar table2[]="WWW.TXMCU.COM";
  14          void delay(uint x)
  15          {
  16   1              uint a,b;
  17   1              for(a=x;a>0;a--)
  18   1                      for(b=10;b>0;b--); 
  19   1      }
  20          
  21          void delay1(uint x)
  22          {
  23   1              uint a,b;
  24   1              for(a=x;a>0;a--)
  25   1                      for(b=100;b>0;b--); 
  26   1      }
  27          
  28          void write_com(uchar com)
  29          {
  30   1              rs=0;
  31   1              lcden=0;
  32   1              rd=0;
  33   1              P0=com;
  34   1              delay(10);
  35   1              lcden=1;
  36   1              delay(20);
  37   1              lcden=0;        
  38   1      }
  39          
  40          void write_date(uchar date)
  41          {
  42   1              rs=1;
  43   1              lcden=0;
  44   1              rd=0;
  45   1              P0=date;
  46   1              delay(10);
  47   1              lcden=1;
  48   1              delay(20);
  49   1              lcden=0;        
  50   1      }
  51          
  52          void init()
  53          {
  54   1      //      dula=0;
  55   1      //      wela=0;
C51 COMPILER V9.00   1602                                                                  12/21/2021 00:50:59 PAGE 2   

  56   1              lcden=0;
  57   1              write_com(0x38);
  58   1              delay(10);
  59   1              write_com(0x0c);
  60   1              write_com(0x06);
  61   1              write_com(0x01);
  62   1              write_com(0x80);
  63   1      
  64   1      }
  65          /*
  66          void main()
  67          {
  68                  uchar a;
  69                  init();
  70          
  71                  write_com(0x80+17);
  72                  delay(20);
  73                  for(a=0;a<9;a++)
  74                  {
  75                  write_date(table1[a]);
  76                  delay(20);              
  77                  }
  78          
  79                  write_com(0xc0+17);
  80                  delay(50);
  81                  for(a=0;a<13;a++)
  82                  {
  83                  write_date(table2[a]);
  84                  delay(40);              
  85                  }
  86          
  87                  for(a=0;a<16;a++)
  88                  {
  89                          write_com(0x18);
  90                          delay1(200);
  91                  }
  92                  while(1);
  93          }
  94          */


MODULE INFORMATION:   STATIC OVERLAYABLE
   CODE SIZE        =    129    ----
   CONSTANT SIZE    =   ----    ----
   XDATA SIZE       =   ----    ----
   PDATA SIZE       =   ----    ----
   DATA SIZE        =     24    ----
   IDATA SIZE       =   ----    ----
   BIT SIZE         =   ----    ----
END OF MODULE INFORMATION.


C51 COMPILATION COMPLETE.  0 WARNING(S),  0 ERROR(S)
