C51 COMPILER V9.00   LED                                                                   12/20/2021 21:48:19 PAGE 1   


C51 COMPILER V9.00, COMPILATION OF MODULE LED
OBJECT MODULE PLACED IN led.OBJ
COMPILER INVOKED BY: C:\Keil\C51\BIN\C51.EXE led.c BROWSE DEBUG OBJECTEXTEND

line level    source

   1          #include  "led.h"
   2          #include "reg52.h"
   3          sbit BlueLed = P1^0;
   4          sbit YellowLed = P1^1;
   5          sbit WhileLed = P1^2;
   6          void BlueLedLight()
   7          {
   8   1               BlueLed=0;
   9   1               YellowLed=1;
  10   1               WhileLed=1;
  11   1      }
  12          void YellowLedLight()
  13          {
  14   1               BlueLed=1;
  15   1               YellowLed=0;
  16   1               WhileLed=1;
  17   1      }
  18          void WhileLedLight()
  19          {
  20   1               BlueLed=1;
  21   1               YellowLed=1;
  22   1               WhileLed=0;
  23   1      }


MODULE INFORMATION:   STATIC OVERLAYABLE
   CODE SIZE        =     21    ----
   CONSTANT SIZE    =   ----    ----
   XDATA SIZE       =   ----    ----
   PDATA SIZE       =   ----    ----
   DATA SIZE        =   ----    ----
   IDATA SIZE       =   ----    ----
   BIT SIZE         =   ----    ----
END OF MODULE INFORMATION.


C51 COMPILATION COMPLETE.  0 WARNING(S),  0 ERROR(S)
